<?xml version="1.0" encoding="UTF-8"?>
<!-- Generated by org.testng.reporters.JUnitXMLReporter -->
<testsuite ignored="0" hostname="DESKTOP-UCQMLR4" failures="0" tests="4" name="Test" time="29.867" errors="0" timestamp="2022-07-30T19:22:14 IST">
  <testcase classname="TestNG.dataprovider" name="search" time="14.864"/>
  <testcase classname="TestNG.datapself" name="browser" time="16.933"/>
  <testcase classname="TestNG.dataprovider" name="search" time="14.06"/>
  <testcase classname="TestNG.datapself" name="browser" time="12.859"/>
</testsuite> <!-- Test -->
