<?xml version="1.0" encoding="UTF-8"?>
<testng-results ignored="0" total="1" passed="1" failed="0" skipped="0">
  <reporter-output>
  </reporter-output>
  <suite started-at="2022-07-28T20:33:27 IST" name="Default suite" finished-at="2022-07-28T20:33:38 IST" duration-ms="11977">
    <groups>
    </groups>
    <test started-at="2022-07-28T20:33:27 IST" name="Default test" finished-at="2022-07-28T20:33:38 IST" duration-ms="11977">
      <class name="TestNg.assetd">
        <test-method signature="launch()[pri:0, instance:TestNg.assetd@1677d1]" started-at="2022-07-28T20:33:27 IST" name="launch" finished-at="2022-07-28T20:33:38 IST" duration-ms="11906" status="PASS">
          <reporter-output>
          </reporter-output>
        </test-method> <!-- launch -->
      </class> <!-- TestNg.assetd -->
    </test> <!-- Default test -->
  </suite> <!-- Default suite -->
</testng-results>
